Job started on c079.mgmt.hellbender at Tue Feb 11 20:09:34 CST 2025
SLURM Job ID: 6640604
SLURM Job Name: 01_Basic_statistics_SRP166333
Conda environment: scanpy
Denoised Data Statistics:
Mean: 0.10327620649334084
Standard Deviation: 1.6603740199189523
Min: -14.304604468089892
Max: 772.6249645914941
Are All Values Integers: False

Raw Data Statistics:
Mean: 0.04633869420869905
Standard Deviation: 0.29559756918175506
Min: 0.0
Max: 7.709360692210425
Are All Values Integers: False
Traceback (most recent call last):
  File "/cluster/pixstor/home/sah2p/ondemand/projects/ScCheck/03_QCheck/01_Basic_statistics.py", line 51, in <module>
    raw_stats_df.to_csv(os.path.join(output_path, "_raw_stats.csv"), index=False)
  File "/home/sah2p/ondemand/tools/miniconda3/envs/scanpy/lib/python3.9/site-packages/pandas/core/generic.py", line 3551, in to_csv
    return DataFrameRenderer(formatter).to_csv(
  File "/home/sah2p/ondemand/tools/miniconda3/envs/scanpy/lib/python3.9/site-packages/pandas/io/formats/format.py", line 1180, in to_csv
    csv_formatter.save()
  File "/home/sah2p/ondemand/tools/miniconda3/envs/scanpy/lib/python3.9/site-packages/pandas/io/formats/csvs.py", line 241, in save
    with get_handle(
  File "/home/sah2p/ondemand/tools/miniconda3/envs/scanpy/lib/python3.9/site-packages/pandas/io/common.py", line 694, in get_handle
    check_parent_directory(str(handle))
  File "/home/sah2p/ondemand/tools/miniconda3/envs/scanpy/lib/python3.9/site-packages/pandas/io/common.py", line 568, in check_parent_directory
    raise OSError(rf"Cannot save file into a non-existent directory: '{parent}'")
OSError: Cannot save file into a non-existent directory: '/home/sah2p/ondemand/ScCheck/03_QCheck'
Job completed at Tue Feb 11 20:09:53 CST 2025
