Job started on c133.mgmt.hellbender at Wed Feb  5 11:24:36 CST 2025
SLURM Job ID: 6622973
SLURM Job Name: qc_check_denoised_SRP166333
Conda environment: scanpy
Quality Check Results for /home/sah2p/ondemand/singlecell_data/Arabidopsis/SRP166333.h5ad with magic_approximate:
  Mean: 0.04633869420869905
  Standard Deviation: 0.29559756918175506
  Min: 0.0
  Max: 7.709360692210425
  Are All Values Integers: False
Traceback (most recent call last):
  File "/cluster/pixstor/home/sah2p/ondemand/projects/ScCheck/03_QCheck/qc_check.py", line 81, in <module>
    quality_check(adata, args.method, args.dataset)
  File "/cluster/pixstor/home/sah2p/ondemand/projects/ScCheck/03_QCheck/qc_check.py", line 65, in quality_check
    sc.pl.violin(adata, keys=adata.var_names[top_genes], jitter=0.4, multi_panel=True, save=f"_violin_{method_name}.png")
  File "/home/sah2p/ondemand/tools/miniconda3/envs/scanpy/lib/python3.9/site-packages/scanpy/plotting/_anndata.py", line 778, in violin
    obs_df = get.obs_df(adata, keys=keys, layer=layer, use_raw=use_raw)
  File "/home/sah2p/ondemand/tools/miniconda3/envs/scanpy/lib/python3.9/site-packages/scanpy/get/get.py", line 276, in obs_df
    obs_cols, var_idx_keys, var_symbols = _check_indices(
  File "/home/sah2p/ondemand/tools/miniconda3/envs/scanpy/lib/python3.9/site-packages/scanpy/get/get.py", line 171, in _check_indices
    raise KeyError(
KeyError: "Could not find keys '['AT1G12080', 'AT1G54050', 'AT1G55330', 'AT1G62480', 'AT1G75750', 'AT3G12580', 'AT3G59370', 'AT4G26320', 'AT5G12020', 'AT5G56540']' in columns of `adata.obs` or in adata.raw.var_names."
Job completed at Wed Feb  5 11:25:14 CST 2025
