Job started on c132.mgmt.hellbender at Wed Feb  5 14:00:20 CST 2025
SLURM Job ID: 6623188
SLURM Job Name: 01_magic_processing_SRP335180.h5ad
Conda environment: scanpy
Loading data from /home/sah2p/ondemand/singlecell_data/Maize/SRP335180.h5ad...
Applying MAGIC...
Calculating MAGIC...
  Running MAGIC on 5868 cells and 67300 genes.
/home/sah2p/ondemand/tools/miniconda3/envs/scanpy/lib/python3.9/site-packages/magic/magic.py:425: UserWarning: Input matrix contains unexpressed genes. Please remove them prior to running MAGIC.
  warnings.warn(
  Calculating graph and diffusion operator...
    Calculating PCA...
    Calculated PCA in 12.56 seconds.
    Calculating KNN search...
    Calculated KNN search in 3.50 seconds.
    Calculating affinities...
    Calculated affinities in 3.51 seconds.
  Calculated graph and diffusion operator in 19.58 seconds.
/home/sah2p/ondemand/tools/miniconda3/envs/scanpy/lib/python3.9/site-packages/magic/magic.py:455: UserWarning: Returning imputed values for all genes on a (5868 x 67300) matrix will require approximately 2.94GB of memory. Suppress this warning with `genes='all_genes'`
  warnings.warn(
  Calculating imputation...
  Calculated imputation in 0.05 seconds.
Calculated MAGIC in 20.73 seconds.
Columns in adata.var before saving: Index(['features'], dtype='object')
Saving MAGIC-processed data to /home/sah2p/ondemand/singlecell_data/Maize/SRP335180_magic_denoised.h5ad...
MAGIC processing completed successfully.
MAGIC processing completed successfully. Output file: /home/sah2p/ondemand/singlecell_data/Maize/SRP335180_magic_denoised.h5ad
Job completed at Wed Feb  5 14:00:45 CST 2025
