Job started on c138.mgmt.hellbender at Wed Feb  5 11:00:06 CST 2025
SLURM Job ID: 6622939
SLURM Job Name: 01_magic_processing_SRP173393
Conda environment: scanpy
Loading data from /home/sah2p/ondemand/singlecell_data/Arabidopsis/SRP166333.h5ad...
Applying MAGIC...
Calculating MAGIC...
  Running MAGIC on 16949 cells and 53678 genes.
/home/sah2p/ondemand/tools/miniconda3/envs/scanpy/lib/python3.9/site-packages/magic/magic.py:425: UserWarning: Input matrix contains unexpressed genes. Please remove them prior to running MAGIC.
  warnings.warn(
  Calculating graph and diffusion operator...
    Calculating PCA...
    Calculated PCA in 38.32 seconds.
    Calculating KNN search...
    Calculated KNN search in 18.25 seconds.
    Calculating affinities...
    Calculated affinities in 17.78 seconds.
  Calculated graph and diffusion operator in 74.37 seconds.
/home/sah2p/ondemand/tools/miniconda3/envs/scanpy/lib/python3.9/site-packages/magic/magic.py:455: UserWarning: Returning imputed values for all genes on a (16949 x 53678) matrix will require approximately 6.78GB of memory. Suppress this warning with `genes='all_genes'`
  warnings.warn(
  Calculating imputation...
  Calculated imputation in 0.14 seconds.
Calculated MAGIC in 76.96 seconds.
Columns in adata.var before saving: Index(['features'], dtype='object')
Saving MAGIC-processed data to /home/sah2p/ondemand/singlecell_data/Arabidopsis/SRP166333_magic_denoised.h5ad...
MAGIC processing completed successfully.
MAGIC processing completed successfully. Output file: /home/sah2p/ondemand/singlecell_data/Arabidopsis/SRP166333_magic_denoised.h5ad
Job completed at Wed Feb  5 11:01:52 CST 2025
