Job started on c002.mgmt.hellbender at Mon Feb 17 16:14:19 CST 2025
SLURM Job ID: 6660749
SLURM Job Name: 01_magic_processing_SRP173393
Conda environment: scanpy
Loading data from /home/sah2p/ondemand/singlecell_data/Arabidopsis/SRP166333_batchCorrected.h5ad...
Applying MAGIC...
Calculating MAGIC...
  Running MAGIC on 14137 cells and 6000 genes.
  Calculating graph and diffusion operator...
    Calculating PCA...
    Calculated PCA in 5.52 seconds.
    Calculating KNN search...
    Calculated KNN search in 17.92 seconds.
    Calculating affinities...
    Calculated affinities in 18.31 seconds.
  Calculated graph and diffusion operator in 41.77 seconds.
  Calculating imputation...
  Calculated imputation in 0.08 seconds.
Calculated MAGIC in 42.11 seconds.
Columns in adata.var before saving: Index(['features', 'highly_variable', 'means', 'dispersions',
       'dispersions_norm', 'highly_variable_nbatches',
       'highly_variable_intersection', 'mean', 'std'],
      dtype='object')
Saving MAGIC-processed data to /home/sah2p/ondemand/singlecell_data/Arabidopsis/SRP166333_magic_denoised.h5ad...
MAGIC processing completed successfully.
MAGIC processing completed successfully. Output file: /home/sah2p/ondemand/singlecell_data/Arabidopsis/SRP166333_magic_denoised.h5ad
Job completed at Mon Feb 17 16:15:04 CST 2025
