/var/spool/slurm/slurmd/job4514231/slurm_script: line 15: source: /cluster/pixstor/xudong-lab/sah2p/tools/miniconda3/bin: is a directory
Job started on c113.mgmt.hellbender at Tue Oct 29 16:09:21 CDT 2024
SLURM Job ID: 4514231
SLURM Job Name: 05_add_literature_annotations_2024_10_29
Conda environment: scanpy
Traceback (most recent call last):
  File "/cluster/pixstor/xudong-lab/sah2p/projects/scGPT/szawa_version/singlecellpipeline/scanpy/05_add_literature_annotations.py", line 39, in <module>
    main(args.input_path, args.input_path_ann, args.output_path)
  File "/cluster/pixstor/xudong-lab/sah2p/projects/scGPT/szawa_version/singlecellpipeline/scanpy/05_add_literature_annotations.py", line 26, in main
    adata_obj = assign_literature_annotations(adata_obj, df_ann)
  File "/cluster/pixstor/xudong-lab/sah2p/projects/scGPT/szawa_version/singlecellpipeline/scanpy/05_add_literature_annotations.py", line 18, in assign_literature_annotations
    sc.pl.umap(combined_adata, color=["lcell_subtype"], ncols=1, save="05_annotations_subtypes.pdf")
  File "/mnt/pixstor/dbllab/sah2p/tools/miniconda3/envs/scanpy/lib/python3.9/site-packages/scanpy/plotting/_tools/scatterplots.py", line 691, in umap
    return embedding(adata, "umap", **kwargs)
  File "/mnt/pixstor/dbllab/sah2p/tools/miniconda3/envs/scanpy/lib/python3.9/site-packages/scanpy/plotting/_tools/scatterplots.py", line 145, in embedding
    basis_values = _get_basis(adata, basis)
  File "/mnt/pixstor/dbllab/sah2p/tools/miniconda3/envs/scanpy/lib/python3.9/site-packages/scanpy/plotting/_tools/scatterplots.py", line 1174, in _get_basis
    raise KeyError(f"Could not find '{basis}' or 'X_{basis}' in .obsm")
KeyError: "Could not find 'umap' or 'X_umap' in .obsm"
srun: error: c113: task 0: Exited with exit code 1
Job completed at Tue Oct 29 16:09:34 CDT 2024
