/var/spool/slurm/slurmd/job4512857/slurm_script: line 12: activate: No such file or directory
/mnt/pixstor/dbllab/sah2p/tools/miniconda3/envs/scanpy/lib/python3.9/site-packages/anndata/_core/anndata.py:183: ImplicitModificationWarning: Transforming to str index.
  warnings.warn("Transforming to str index.", ImplicitModificationWarning)
/mnt/pixstor/dbllab/sah2p/tools/miniconda3/envs/scanpy/lib/python3.9/site-packages/anndata/_core/anndata.py:183: ImplicitModificationWarning: Transforming to str index.
  warnings.warn("Transforming to str index.", ImplicitModificationWarning)
/mnt/pixstor/dbllab/sah2p/tools/miniconda3/envs/scanpy/lib/python3.9/site-packages/anndata/_core/anndata.py:183: ImplicitModificationWarning: Transforming to str index.
  warnings.warn("Transforming to str index.", ImplicitModificationWarning)
/mnt/pixstor/dbllab/sah2p/tools/miniconda3/envs/scanpy/lib/python3.9/site-packages/anndata/_core/anndata.py:183: ImplicitModificationWarning: Transforming to str index.
  warnings.warn("Transforming to str index.", ImplicitModificationWarning)
/mnt/pixstor/dbllab/sah2p/tools/miniconda3/envs/scanpy/lib/python3.9/site-packages/anndata/_core/anndata.py:183: ImplicitModificationWarning: Transforming to str index.
  warnings.warn("Transforming to str index.", ImplicitModificationWarning)
/mnt/pixstor/dbllab/sah2p/tools/miniconda3/envs/scanpy/lib/python3.9/site-packages/anndata/_core/anndata.py:183: ImplicitModificationWarning: Transforming to str index.
  warnings.warn("Transforming to str index.", ImplicitModificationWarning)
/mnt/pixstor/dbllab/sah2p/tools/miniconda3/envs/scanpy/lib/python3.9/site-packages/anndata/_core/anndata.py:183: ImplicitModificationWarning: Transforming to str index.
  warnings.warn("Transforming to str index.", ImplicitModificationWarning)
/mnt/pixstor/dbllab/sah2p/tools/miniconda3/envs/scanpy/lib/python3.9/site-packages/anndata/_core/anndata.py:183: ImplicitModificationWarning: Transforming to str index.
  warnings.warn("Transforming to str index.", ImplicitModificationWarning)
/mnt/pixstor/dbllab/sah2p/tools/miniconda3/envs/scanpy/lib/python3.9/site-packages/anndata/_core/anndata.py:183: ImplicitModificationWarning: Transforming to str index.
  warnings.warn("Transforming to str index.", ImplicitModificationWarning)
/mnt/pixstor/dbllab/sah2p/tools/miniconda3/envs/scanpy/lib/python3.9/site-packages/anndata/_core/anndata.py:183: ImplicitModificationWarning: Transforming to str index.
  warnings.warn("Transforming to str index.", ImplicitModificationWarning)
/mnt/pixstor/dbllab/sah2p/tools/miniconda3/envs/scanpy/lib/python3.9/site-packages/anndata/_core/anndata.py:183: ImplicitModificationWarning: Transforming to str index.
  warnings.warn("Transforming to str index.", ImplicitModificationWarning)
/mnt/pixstor/dbllab/sah2p/tools/miniconda3/envs/scanpy/lib/python3.9/site-packages/anndata/_core/anndata.py:183: ImplicitModificationWarning: Transforming to str index.
  warnings.warn("Transforming to str index.", ImplicitModificationWarning)
/mnt/pixstor/dbllab/sah2p/tools/miniconda3/envs/scanpy/lib/python3.9/site-packages/anndata/_core/anndata.py:183: ImplicitModificationWarning: Transforming to str index.
  warnings.warn("Transforming to str index.", ImplicitModificationWarning)
/mnt/pixstor/dbllab/sah2p/tools/miniconda3/envs/scanpy/lib/python3.9/site-packages/anndata/_core/anndata.py:183: ImplicitModificationWarning: Transforming to str index.
  warnings.warn("Transforming to str index.", ImplicitModificationWarning)
/mnt/pixstor/dbllab/sah2p/tools/miniconda3/envs/scanpy/lib/python3.9/site-packages/anndata/_core/anndata.py:183: ImplicitModificationWarning: Transforming to str index.
  warnings.warn("Transforming to str index.", ImplicitModificationWarning)
/mnt/pixstor/dbllab/sah2p/tools/miniconda3/envs/scanpy/lib/python3.9/site-packages/anndata/_core/anndata.py:183: ImplicitModificationWarning: Transforming to str index.
  warnings.warn("Transforming to str index.", ImplicitModificationWarning)
/mnt/pixstor/dbllab/sah2p/tools/miniconda3/envs/scanpy/lib/python3.9/site-packages/anndata/_core/anndata.py:183: ImplicitModificationWarning: Transforming to str index.
  warnings.warn("Transforming to str index.", ImplicitModificationWarning)
/mnt/pixstor/dbllab/sah2p/tools/miniconda3/envs/scanpy/lib/python3.9/site-packages/anndata/_core/anndata.py:183: ImplicitModificationWarning: Transforming to str index.
  warnings.warn("Transforming to str index.", ImplicitModificationWarning)
/mnt/pixstor/dbllab/sah2p/tools/miniconda3/envs/scanpy/lib/python3.9/site-packages/anndata/_core/anndata.py:183: ImplicitModificationWarning: Transforming to str index.
  warnings.warn("Transforming to str index.", ImplicitModificationWarning)
/mnt/pixstor/dbllab/sah2p/tools/miniconda3/envs/scanpy/lib/python3.9/site-packages/anndata/_core/anndata.py:183: ImplicitModificationWarning: Transforming to str index.
  warnings.warn("Transforming to str index.", ImplicitModificationWarning)
/mnt/pixstor/dbllab/sah2p/tools/miniconda3/envs/scanpy/lib/python3.9/site-packages/anndata/_core/anndata.py:183: ImplicitModificationWarning: Transforming to str index.
  warnings.warn("Transforming to str index.", ImplicitModificationWarning)
/mnt/pixstor/dbllab/sah2p/tools/miniconda3/envs/scanpy/lib/python3.9/site-packages/anndata/_core/anndata.py:183: ImplicitModificationWarning: Transforming to str index.
  warnings.warn("Transforming to str index.", ImplicitModificationWarning)
/cluster/pixstor/xudong-lab/sah2p/projects/scGPT/szawa_version/singlecellpipeline/scanpy/02_perform_QC_by_sample.py:56: FutureWarning: Use anndata.concat instead of AnnData.concatenate, AnnData.concatenate is deprecated and will be removed in the future. See the tutorial for concat at: https://anndata.readthedocs.io/en/latest/concatenation.html
  combined_adata = adata_by_sample[0].concatenate(adata_by_sample[1:])
/mnt/pixstor/dbllab/sah2p/tools/miniconda3/envs/scanpy/lib/python3.9/site-packages/anndata/_core/anndata.py:183: ImplicitModificationWarning: Transforming to str index.
  warnings.warn("Transforming to str index.", ImplicitModificationWarning)
/mnt/pixstor/dbllab/sah2p/tools/miniconda3/envs/scanpy/lib/python3.9/site-packages/anndata/_core/anndata.py:183: ImplicitModificationWarning: Transforming to str index.
  warnings.warn("Transforming to str index.", ImplicitModificationWarning)
/mnt/pixstor/dbllab/sah2p/tools/miniconda3/envs/scanpy/lib/python3.9/site-packages/anndata/_core/anndata.py:183: ImplicitModificationWarning: Transforming to str index.
  warnings.warn("Transforming to str index.", ImplicitModificationWarning)
/mnt/pixstor/dbllab/sah2p/tools/miniconda3/envs/scanpy/lib/python3.9/site-packages/anndata/_core/anndata.py:183: ImplicitModificationWarning: Transforming to str index.
  warnings.warn("Transforming to str index.", ImplicitModificationWarning)
/mnt/pixstor/dbllab/sah2p/tools/miniconda3/envs/scanpy/lib/python3.9/site-packages/anndata/_core/anndata.py:183: ImplicitModificationWarning: Transforming to str index.
  warnings.warn("Transforming to str index.", ImplicitModificationWarning)
/mnt/pixstor/dbllab/sah2p/tools/miniconda3/envs/scanpy/lib/python3.9/site-packages/anndata/_core/anndata.py:183: ImplicitModificationWarning: Transforming to str index.
  warnings.warn("Transforming to str index.", ImplicitModificationWarning)
/mnt/pixstor/dbllab/sah2p/tools/miniconda3/envs/scanpy/lib/python3.9/site-packages/anndata/_core/anndata.py:183: ImplicitModificationWarning: Transforming to str index.
  warnings.warn("Transforming to str index.", ImplicitModificationWarning)
/mnt/pixstor/dbllab/sah2p/tools/miniconda3/envs/scanpy/lib/python3.9/site-packages/anndata/_core/anndata.py:183: ImplicitModificationWarning: Transforming to str index.
  warnings.warn("Transforming to str index.", ImplicitModificationWarning)
/mnt/pixstor/dbllab/sah2p/tools/miniconda3/envs/scanpy/lib/python3.9/site-packages/anndata/_core/anndata.py:183: ImplicitModificationWarning: Transforming to str index.
  warnings.warn("Transforming to str index.", ImplicitModificationWarning)
/mnt/pixstor/dbllab/sah2p/tools/miniconda3/envs/scanpy/lib/python3.9/site-packages/anndata/_core/anndata.py:183: ImplicitModificationWarning: Transforming to str index.
  warnings.warn("Transforming to str index.", ImplicitModificationWarning)
/mnt/pixstor/dbllab/sah2p/tools/miniconda3/envs/scanpy/lib/python3.9/site-packages/anndata/_core/anndata.py:183: ImplicitModificationWarning: Transforming to str index.
  warnings.warn("Transforming to str index.", ImplicitModificationWarning)
Traceback (most recent call last):
  File "/cluster/pixstor/xudong-lab/sah2p/projects/scGPT/szawa_version/singlecellpipeline/scanpy/02_perform_QC_by_sample.py", line 72, in <module>
    combine_data(adata_split, args.output_path)
  File "/cluster/pixstor/xudong-lab/sah2p/projects/scGPT/szawa_version/singlecellpipeline/scanpy/02_perform_QC_by_sample.py", line 58, in combine_data
    combine_data.write(filepath+"02_QCPerformed_adata.h5ad")
AttributeError: 'function' object has no attribute 'write'
