/var/spool/slurm/slurmd/job4512881/slurm_script: line 12: activate: No such file or directory
/mnt/pixstor/dbllab/sah2p/tools/miniconda3/envs/scanpy/lib/python3.9/site-packages/anndata/_core/anndata.py:183: ImplicitModificationWarning: Transforming to str index.
  warnings.warn("Transforming to str index.", ImplicitModificationWarning)
/mnt/pixstor/dbllab/sah2p/tools/miniconda3/envs/scanpy/lib/python3.9/site-packages/anndata/_core/anndata.py:183: ImplicitModificationWarning: Transforming to str index.
  warnings.warn("Transforming to str index.", ImplicitModificationWarning)
/mnt/pixstor/dbllab/sah2p/tools/miniconda3/envs/scanpy/lib/python3.9/site-packages/anndata/_core/anndata.py:183: ImplicitModificationWarning: Transforming to str index.
  warnings.warn("Transforming to str index.", ImplicitModificationWarning)
/mnt/pixstor/dbllab/sah2p/tools/miniconda3/envs/scanpy/lib/python3.9/site-packages/anndata/_core/anndata.py:183: ImplicitModificationWarning: Transforming to str index.
  warnings.warn("Transforming to str index.", ImplicitModificationWarning)
/mnt/pixstor/dbllab/sah2p/tools/miniconda3/envs/scanpy/lib/python3.9/site-packages/anndata/_core/anndata.py:183: ImplicitModificationWarning: Transforming to str index.
  warnings.warn("Transforming to str index.", ImplicitModificationWarning)
/mnt/pixstor/dbllab/sah2p/tools/miniconda3/envs/scanpy/lib/python3.9/site-packages/anndata/_core/anndata.py:183: ImplicitModificationWarning: Transforming to str index.
  warnings.warn("Transforming to str index.", ImplicitModificationWarning)
/mnt/pixstor/dbllab/sah2p/tools/miniconda3/envs/scanpy/lib/python3.9/site-packages/anndata/_core/anndata.py:183: ImplicitModificationWarning: Transforming to str index.
  warnings.warn("Transforming to str index.", ImplicitModificationWarning)
/mnt/pixstor/dbllab/sah2p/tools/miniconda3/envs/scanpy/lib/python3.9/site-packages/anndata/_core/anndata.py:183: ImplicitModificationWarning: Transforming to str index.
  warnings.warn("Transforming to str index.", ImplicitModificationWarning)
/mnt/pixstor/dbllab/sah2p/tools/miniconda3/envs/scanpy/lib/python3.9/site-packages/anndata/_core/anndata.py:183: ImplicitModificationWarning: Transforming to str index.
  warnings.warn("Transforming to str index.", ImplicitModificationWarning)
/mnt/pixstor/dbllab/sah2p/tools/miniconda3/envs/scanpy/lib/python3.9/site-packages/anndata/_core/anndata.py:183: ImplicitModificationWarning: Transforming to str index.
  warnings.warn("Transforming to str index.", ImplicitModificationWarning)
/mnt/pixstor/dbllab/sah2p/tools/miniconda3/envs/scanpy/lib/python3.9/site-packages/anndata/_core/anndata.py:183: ImplicitModificationWarning: Transforming to str index.
  warnings.warn("Transforming to str index.", ImplicitModificationWarning)
/mnt/pixstor/dbllab/sah2p/tools/miniconda3/envs/scanpy/lib/python3.9/site-packages/anndata/_core/anndata.py:183: ImplicitModificationWarning: Transforming to str index.
  warnings.warn("Transforming to str index.", ImplicitModificationWarning)
/mnt/pixstor/dbllab/sah2p/tools/miniconda3/envs/scanpy/lib/python3.9/site-packages/anndata/_core/anndata.py:183: ImplicitModificationWarning: Transforming to str index.
  warnings.warn("Transforming to str index.", ImplicitModificationWarning)
/mnt/pixstor/dbllab/sah2p/tools/miniconda3/envs/scanpy/lib/python3.9/site-packages/anndata/_core/anndata.py:183: ImplicitModificationWarning: Transforming to str index.
  warnings.warn("Transforming to str index.", ImplicitModificationWarning)
/mnt/pixstor/dbllab/sah2p/tools/miniconda3/envs/scanpy/lib/python3.9/site-packages/anndata/_core/anndata.py:183: ImplicitModificationWarning: Transforming to str index.
  warnings.warn("Transforming to str index.", ImplicitModificationWarning)
/mnt/pixstor/dbllab/sah2p/tools/miniconda3/envs/scanpy/lib/python3.9/site-packages/anndata/_core/anndata.py:183: ImplicitModificationWarning: Transforming to str index.
  warnings.warn("Transforming to str index.", ImplicitModificationWarning)
/mnt/pixstor/dbllab/sah2p/tools/miniconda3/envs/scanpy/lib/python3.9/site-packages/anndata/_core/anndata.py:183: ImplicitModificationWarning: Transforming to str index.
  warnings.warn("Transforming to str index.", ImplicitModificationWarning)
/mnt/pixstor/dbllab/sah2p/tools/miniconda3/envs/scanpy/lib/python3.9/site-packages/anndata/_core/anndata.py:183: ImplicitModificationWarning: Transforming to str index.
  warnings.warn("Transforming to str index.", ImplicitModificationWarning)
/mnt/pixstor/dbllab/sah2p/tools/miniconda3/envs/scanpy/lib/python3.9/site-packages/anndata/_core/anndata.py:183: ImplicitModificationWarning: Transforming to str index.
  warnings.warn("Transforming to str index.", ImplicitModificationWarning)
/mnt/pixstor/dbllab/sah2p/tools/miniconda3/envs/scanpy/lib/python3.9/site-packages/anndata/_core/anndata.py:183: ImplicitModificationWarning: Transforming to str index.
  warnings.warn("Transforming to str index.", ImplicitModificationWarning)
/mnt/pixstor/dbllab/sah2p/tools/miniconda3/envs/scanpy/lib/python3.9/site-packages/anndata/_core/anndata.py:183: ImplicitModificationWarning: Transforming to str index.
  warnings.warn("Transforming to str index.", ImplicitModificationWarning)
/mnt/pixstor/dbllab/sah2p/tools/miniconda3/envs/scanpy/lib/python3.9/site-packages/anndata/_core/anndata.py:183: ImplicitModificationWarning: Transforming to str index.
  warnings.warn("Transforming to str index.", ImplicitModificationWarning)
/cluster/pixstor/xudong-lab/sah2p/projects/scGPT/szawa_version/singlecellpipeline/scanpy/02_perform_QC_by_sample.py:50: FutureWarning: Use anndata.concat instead of AnnData.concatenate, AnnData.concatenate is deprecated and will be removed in the future. See the tutorial for concat at: https://anndata.readthedocs.io/en/latest/concatenation.html
  combined_adata = adata_by_sample[0].concatenate(adata_by_sample[1:])
/mnt/pixstor/dbllab/sah2p/tools/miniconda3/envs/scanpy/lib/python3.9/site-packages/anndata/_core/anndata.py:183: ImplicitModificationWarning: Transforming to str index.
  warnings.warn("Transforming to str index.", ImplicitModificationWarning)
/mnt/pixstor/dbllab/sah2p/tools/miniconda3/envs/scanpy/lib/python3.9/site-packages/anndata/_core/anndata.py:183: ImplicitModificationWarning: Transforming to str index.
  warnings.warn("Transforming to str index.", ImplicitModificationWarning)
/mnt/pixstor/dbllab/sah2p/tools/miniconda3/envs/scanpy/lib/python3.9/site-packages/anndata/_core/anndata.py:183: ImplicitModificationWarning: Transforming to str index.
  warnings.warn("Transforming to str index.", ImplicitModificationWarning)
/mnt/pixstor/dbllab/sah2p/tools/miniconda3/envs/scanpy/lib/python3.9/site-packages/anndata/_core/anndata.py:183: ImplicitModificationWarning: Transforming to str index.
  warnings.warn("Transforming to str index.", ImplicitModificationWarning)
/mnt/pixstor/dbllab/sah2p/tools/miniconda3/envs/scanpy/lib/python3.9/site-packages/anndata/_core/anndata.py:183: ImplicitModificationWarning: Transforming to str index.
  warnings.warn("Transforming to str index.", ImplicitModificationWarning)
/mnt/pixstor/dbllab/sah2p/tools/miniconda3/envs/scanpy/lib/python3.9/site-packages/anndata/_core/anndata.py:183: ImplicitModificationWarning: Transforming to str index.
  warnings.warn("Transforming to str index.", ImplicitModificationWarning)
/mnt/pixstor/dbllab/sah2p/tools/miniconda3/envs/scanpy/lib/python3.9/site-packages/anndata/_core/anndata.py:183: ImplicitModificationWarning: Transforming to str index.
  warnings.warn("Transforming to str index.", ImplicitModificationWarning)
/mnt/pixstor/dbllab/sah2p/tools/miniconda3/envs/scanpy/lib/python3.9/site-packages/anndata/_core/anndata.py:183: ImplicitModificationWarning: Transforming to str index.
  warnings.warn("Transforming to str index.", ImplicitModificationWarning)
/mnt/pixstor/dbllab/sah2p/tools/miniconda3/envs/scanpy/lib/python3.9/site-packages/anndata/_core/anndata.py:183: ImplicitModificationWarning: Transforming to str index.
  warnings.warn("Transforming to str index.", ImplicitModificationWarning)
/mnt/pixstor/dbllab/sah2p/tools/miniconda3/envs/scanpy/lib/python3.9/site-packages/anndata/_core/anndata.py:183: ImplicitModificationWarning: Transforming to str index.
  warnings.warn("Transforming to str index.", ImplicitModificationWarning)
/mnt/pixstor/dbllab/sah2p/tools/miniconda3/envs/scanpy/lib/python3.9/site-packages/anndata/_core/anndata.py:183: ImplicitModificationWarning: Transforming to str index.
  warnings.warn("Transforming to str index.", ImplicitModificationWarning)
QC complete! File written to /cluster/pixstor/xudong-lab/sah2p/projects/scgpt/GSE131907/02_QCPerformed_adata.h5ad
